CMDS: dcm_import --packageSrcDir packages --releaseNoteDir releaseNotes --targetLibDir techLib
TIME: @20171107_091044 BEGIN dcm_import
ICFDK_HOME = techLib
ICFDK_RELN = releaseNotes
ICFDK_PKGS = packages
--------------------------------------------------------
[1]: Reading packages/GPIO_lib222_e.0.6.dcm
    : Package file - packages/GPIO_lib222_e.0.6.tgz
    : Creating '1222.2/x1r0/HIP/GPIO/GPIO_lib222_e.0.6.releaseNote' -- r0.6.1 ip222_gpio_r061

[2]: Reading packages/MEMORY_lib222_2PRF_e.0.6.dcm
    : Package file - packages/MEMORY_lib222_2PRF_e.0.6.tgz
    : Creating '1222.2/x1r0/FIP/MEMORY/MEMORY_lib222_2PRF_e.0.6.releaseNote' -- r0.6.1 mem222_2prf_r061

[3]: Reading packages/P1222.2ADF_r0.6.1.dcm
    : Package file - packages/P1222.2ADF_r0.6.1.tgz
    : Creating '1222.2/x1r0/FDK/ADF/P1222.2ADF_r0.6.1.releaseNote' -- r0.6.1 adf222_r061

[4]: Reading packages/P1222.2CTK_r0.6.1.dcm
    : Package file - packages/P1222.2CTK_r0.6.1.tgz
    : Creating '1222.2/x1r0/FDK/CTK/P1222.2CTK_r0.6.1.releaseNote' -- r0.6.1 ctk222_r061

[5]: Reading packages/P1222.2PDK_r0.6.1.dcm
    : Package file - packages/P1222.2PDK_r0.6.1.tgz
    : Creating '1222.2/x1r0/FDK/PDK/P1222.2PDK_r0.6.1.releaseNote' -- r0.6.1 pdk222_r061

[6]: Reading packages/P1222.2PDK_r1.0.1.dcm
    : Package file - packages/P1222.2PDK_r1.0.1.tgz
    : Creating '1222.2/x1r0/FDK/PDK/P1222.2PDK_r1.0.1.releaseNote' -- r1.0.1 pdk222_r101

[7]: Reading packages/P1222.2PDK_r1.0HF4.dcm
    : Package file - packages/P1222.2PDK_r1.0HF4.tgz
    : Creating '1222.2/x1r0/FDK/PDK/P1222.2PDK_r1.0HF4.releaseNote' -- r1.0HF4 pdk222_r10HF4

[8]: Reading packages/P1222.2PDK_r1.0hf7.dcm
    : Install base - packages/P1222.2PDK_r1.0HF4.dcm
    : Package file - packages/P1222.2PDK_r1.0hf5.tgz
    : Package file - packages/P1222.2PDK_r1.0hf6.tgz
    : Package file - packages/P1222.2PDK_r1.0hf7.tgz
    : Creating '1222.2/x1r0/FDK/PDK/P1222.2PDK_r1.0hf7.releaseNote' -- r1.0hf7 pdk222_r10HF7

[9]: Reading packages/STDCELL_lib222_6t_base_e.1.0.dcm
    : Package file - packages/STDCELL_lib222_6t_base_e.1.0.tgz
    : Creating '1222.2/x1r0/FIP/STDCELL/STDCELL_lib222_6t_base_e.1.0.releaseNote' -- 6t_base_e.1.0 lib222_6t_base_e10

[10]: Reading packages/STDCELL_lib222_7t_base_e.2.0.dcm
    : Package file - packages/STDCELL_lib222_7t_base_e.2.0-1.tgz
    : Package file - packages/STDCELL_lib222_7t_base_e.2.0-2.tgz
    : Package file - packages/STDCELL_lib222_7t_base_e.2.0-3.tgz
    : Creating '1222.2/x1r0/FIP/STDCELL/STDCELL_lib222_7t_base_e.2.0.releaseNote' -- 7t_base_e.2.0 lib222_7t_base_e20

------------------------------------------------------------------
SUMMARY: Total 10/10 dcm release notes are created.
------------------------------------------------------------------
TIME: @20171107_091050 END   dcm_import
========================================================
