######################################################################
# Design Collateral Management (DCM) Utility v2017.1108
######################################################################
TIME: @20171109_035028 BEGIN dcm_import
CMDS: dcm_import --packageSrcDir packages --releaseNoteDir releaseNotes --targetLibDir techLib
[dcm_import]: BEGIN 
[1]: Reading packages/GPIO_lib222_e.0.6.1.dcm
    : Package file - packages/GPIO_lib222_e.0.6.1.tgz
    : Creating '1222.2/x1r0/HIP/GPIO/ip222_gpio_r061/GPIO_lib222_e.0.6.1.releaseNote' (r0.6.1)

[2]: Reading packages/GPIO_lib222_e.0.6.dcm
ERROR: Pacakge GPIO_lib222_e.0.6.tgz can not be found in package source.
ERROR: Kit 'GPIO_lib222_e.0.6' has 1 missing pacakge files

[3]: Reading packages/MEMORY_lib222_2PRF_e.0.6.dcm
    : Package file - packages/MEMORY_lib222_2PRF_e.0.6.tgz
    : Creating '1222.2/x1r0/FIP/MEMORY/mem222_2prf_r061/MEMORY_lib222_2PRF_e.0.6.releaseNote' (r0.6.1)

[4]: Reading packages/P1222.2ADF_r0.6.1.dcm
    : Package file - packages/P1222.2ADF_r0.6.1.tgz
    : Creating '1222.2/x1r0/FDK/ADF/adf222_r061/P1222.2ADF_r0.6.1.releaseNote' (r0.6.1)

[5]: Reading packages/P1222.2CTK_r0.6.1.dcm
    : Package file - packages/P1222.2CTK_r0.6.1.tgz
    : Creating '1222.2/x1r0/FDK/CTK/ctk222_r061/P1222.2CTK_r0.6.1.releaseNote' (r0.6.1)

[6]: Reading packages/P1222.2PDK_r0.6.1.dcm
    : Package file - packages/P1222.2PDK_r0.6.1.tgz
    : Creating '1222.2/x1r0/FDK/PDK/pdk222_r061/P1222.2PDK_r0.6.1.releaseNote' (r0.6.1)

[7]: Reading packages/P1222.2PDK_r1.0.1.dcm
    : Package file - packages/P1222.2PDK_r1.0.1.tgz
    : Creating '1222.2/x1r0/FDK/PDK/pdk222_r101/P1222.2PDK_r1.0.1.releaseNote' (r1.0.1)

[8]: Reading packages/P1222.2PDK_r1.0HF4.dcm
    : Package file - packages/P1222.2PDK_r1.0HF4.tgz
    : Creating '1222.2/x1r0/FDK/PDK/pdk222_r10HF4/P1222.2PDK_r1.0HF4.releaseNote' (r1.0HF4)

[9]: Reading packages/P1222.2PDK_r1.0hf7.dcm
    : Install base - packages/P1222.2PDK_r1.0HF4.dcm
    : Package file - packages/P1222.2PDK_r1.0hf5.tgz
    : Package file - packages/P1222.2PDK_r1.0hf6.tgz
    : Package file - packages/P1222.2PDK_r1.0hf7.tgz
    : Creating '1222.2/x1r0/FDK/PDK/pdk222_r10HF7/P1222.2PDK_r1.0hf7.releaseNote' (r1.0hf7)

[10]: Reading packages/STDCELL_lib222_6t_base_e.1.0.dcm
    : Package file - packages/STDCELL_lib222_6t_base_e.1.0.tgz
    : Creating '1222.2/x1r0/FIP/STDCELL/lib222_6t_base_e10/STDCELL_lib222_6t_base_e.1.0.releaseNote' (6t_base_e.1.0)

[11]: Reading packages/STDCELL_lib222_7t_base_e.2.0.dcm
    : Package file - packages/STDCELL_lib222_7t_base_e.2.0-1.tgz
    : Package file - packages/STDCELL_lib222_7t_base_e.2.0-2.tgz
    : Package file - packages/STDCELL_lib222_7t_base_e.2.0-3.tgz
    : Creating '1222.2/x1r0/FIP/STDCELL/lib222_7t_base_e20/STDCELL_lib222_7t_base_e.2.0.releaseNote' (7t_base_e.2.0)

------------------------------------------------------------------
SUMMARY: Total 10/11 dcm release notes are created.
SUMMARY: Total 1/11 dcm files have missing package files. (error)
------------------------------------------------------------------
[dcm_import]: END
--------------------------------------------------------
TIME: @20171109_035033 END   dcm_import
========================================================
